Arguments: 
  C:\Program Files\nodejs\node.exe C:\Users\gayat\AppData\Roaming\npm\node_modules\yarn\bin\yarn.js @openapi-generator-plus/typescript-express-passport-server-generator @types/cors"@types/express i

PATH: 
  C:\Program Files\Eclipse Adoptium\jdk-17.0.2.8-hotspot\bin;C:\Windows\system32;C:\Windows;C:\Windows\System32\Wbem;C:\Windows\System32\WindowsPowerShell\v1.0\;C:\Windows\System32\OpenSSH\;C:\Program Files (x86)\NVIDIA Corporation\PhysX\Common;C:\Program Files\NVIDIA Corporation\NVIDIA NvDLISR;C:\Program Files\Git\cmd;C:\Program Files\nodejs\;C:\Users\gayat\AppData\Local\Microsoft\WindowsApps;C:\Users\gayat\AppData\Local\Programs\Microsoft VS Code\bin;C:\Users\gayat\AppData\Roaming\npm;C:\Program Files\MongoDB\Server\6.0\bin;

Yarn version: 
  1.22.19

Node version: 
  16.17.0

Platform: 
  win32 x64

Trace: 
  SyntaxError: C:\Users\gayat\OneDrive\Desktop\questions\package.json: Unexpected token } in JSON at position 337
      at JSON.parse (<anonymous>)
      at C:\Users\gayat\AppData\Roaming\npm\node_modules\yarn\lib\cli.js:1629:59
      at Generator.next (<anonymous>)
      at step (C:\Users\gayat\AppData\Roaming\npm\node_modules\yarn\lib\cli.js:310:30)
      at C:\Users\gayat\AppData\Roaming\npm\node_modules\yarn\lib\cli.js:321:13

npm manifest: 
  {
    "name": "questions",
    "version": "1.0.0",
    "main": "index.js",
    "license": "MIT",
    "scripts": {
      "generate": "rimraf dist && openapi-generator-plus -c config.yml",
      "build": "rimraf build && tsc",
      "dev": "nodemon src/index.ts",
      "start": "nodemon src/index.ts",
      "debug": "nodemon --inspect src/index.ts"
    },
    
  }

yarn manifest: 
  No manifest

Lockfile: 
  No lockfile
